

>>> ORIGINAL r1
Test set: Average loss: 0.0000, Accuracy: 13183/16281 (80.97%)


Test set: Average fairness score:
Overall recall: 0.8577, 
Recall by Group: {0: 0.9930394431554525, 1: 0.9834710743801653, 2: 0.9760765550239234, 3: 0.987012987012987, 4: 0.9818181818181818, 5: 0.9442508710801394, 6: 0.9736842105263158, 7: 0.8860103626943006, 8: 0.9092664092664092, 9: 0.756020278833967, 10: 0.42857142857142855, 11: 0.8500561167227834, 12: 0.6244239631336406, 13: 1.0, 14: 0.40625, 15: 0.880109927859842}, 
Equalized Odds: 0.9485, 
Demographic Parity: 0.8605 


>>> ORIGINAL r2
Test set: Average loss: 0.0000, Accuracy: 13260/16281 (81.44%)


Test set: Average fairness score:
Overall recall: 0.8593, 
Recall by Group: {0: 0.9907192575406032, 1: 0.9768595041322314, 2: 0.9856459330143541, 3: 0.974025974025974, 4: 0.9757575757575757, 5: 0.975609756097561, 6: 0.9736842105263158, 7: 0.8626943005181347, 8: 0.8416988416988417, 9: 0.7585551330798479, 10: 0.39285714285714285, 11: 0.8556677890011223, 12: 0.7050691244239631, 13: 1.0, 14: 0.4375, 15: 0.8790793541738234}, 
Equalized Odds: 0.9175, 
Demographic Parity: 0.8295 


>>> ORIGINAL r3
Test set: Average loss: 0.0000, Accuracy: 13320/16281 (81.81%)


Test set: Average fairness score:
Overall recall: 0.8730, 
Recall by Group: {0: 0.9976798143851509, 1: 0.9801652892561984, 2: 0.9808612440191388, 3: 0.961038961038961, 4: 0.9636363636363636, 5: 0.9825783972125436, 6: 0.9780701754385965, 7: 0.8808290155440415, 8: 0.888030888030888, 9: 0.7414448669201521, 10: 0.4107142857142857, 11: 0.8843995510662177, 12: 0.7304147465437788, 13: 1.0, 14: 0.46875, 15: 0.8859498454139471}, 
Equalized Odds: 0.9227, 
Demographic Parity: 0.8256 


============================================


>>> RAND 0.1

Test set: Average loss: 0.0001, Accuracy: 12279/16281 (75.42%)


Test set: Average fairness score:
Overall recall: 0.9834, 
Recall by Group: {0: 0.9953596287703016, 1: 0.9933884297520661, 2: 0.9760765550239234, 3: 0.935064935064935, 4: 0.9515151515151515, 5: 0.975609756097561, 6: 0.9517543859649122, 7: 0.9740932642487047, 8: 0.9826254826254827, 9: 0.982256020278834, 10: 0.9464285714285714, 11: 0.9878787878787879, 12: 0.9631336405529954, 13: 0.967741935483871, 14: 0.921875, 15: 0.9866025420817588}, 
Equalized Odds: 0.0735, 
Demographic Parity: 0.0589 


>>> IND 0.1

Test set: Average loss: 0.0001, Accuracy: 11361/16281 (69.78%)


Test set: Average fairness score:
Overall recall: 0.8604, 
Recall by Group: {0: 0.8793503480278422, 1: 0.7933884297520661, 2: 0.9473684210526315, 3: 0.8831168831168831, 4: 0.696969696969697, 5: 0.6933797909407665, 6: 0.7543859649122807, 7: 0.9507772020725389, 8: 0.8783783783783784, 9: 0.9714828897338403, 10: 0.875, 11: 0.8323232323232324, 12: 0.684331797235023, 13: 0.8709677419354839, 14: 0.875, 15: 0.8917897629680522}, 
Equalized Odds: 0.5000, 
Demographic Parity: 0.3039 


>>> CORR 0.1

Test set: Average loss: 0.0001, Accuracy: 10651/16281 (65.42%)


Test set: Average fairness score:
Overall recall: 0.7485, 
Recall by Group: {0: 0.8538283062645011, 1: 0.8677685950413223, 2: 0.8995215311004785, 3: 0.6233766233766234, 4: 0.7393939393939394, 5: 0.7317073170731707, 6: 0.8114035087719298, 7: 0.8212435233160622, 8: 0.8088803088803089, 9: 0.8238276299112801, 10: 0.8571428571428571, 11: 0.6341189674523008, 12: 0.8064516129032258, 13: 0.7096774193548387, 14: 0.921875, 15: 0.7973205084163517}, 
Equalized Odds: 0.5423, 
Demographic Parity: 0.2953 


============================================


>>> RAND 1
Test set: Average loss: 0.0001, Accuracy: 12317/16281 (75.65%)


Test set: Average fairness score:
Overall recall: 0.9863, 
Recall by Group: {0: 0.9953596287703016, 1: 0.9950413223140496, 2: 0.9808612440191388, 3: 0.935064935064935, 4: 0.9575757575757575, 5: 0.9965156794425087, 6: 0.9736842105263158, 7: 0.9766839378238342, 8: 0.9922779922779923, 9: 0.9835234474017744, 10: 0.9642857142857143, 11: 0.9892255892255892, 12: 0.9654377880184332, 13: 0.967741935483871, 14: 0.921875, 15: 0.9890072140158022}, 
Equalized Odds: 0.0746, 
Demographic Parity: 0.0601 


>>> IND 1

Test set: Average loss: 0.0001, Accuracy: 10273/16281 (63.10%)


Test set: Average fairness score:
Overall recall: 0.7379, 
Recall by Group: {0: 0.7865429234338747, 1: 0.740495867768595, 2: 0.8373205741626795, 3: 0.6233766233766234, 4: 0.46060606060606063, 5: 0.6829268292682927, 6: 0.4166666666666667, 7: 0.8756476683937824, 8: 0.6698841698841699, 9: 0.8466413181242078, 10: 0.8035714285714286, 11: 0.6581369248035914, 12: 0.9009216589861752, 13: 0.6451612903225806, 14: 0.859375, 15: 0.8021298522844383}, 
Equalized Odds: 1.0000, 
Demographic Parity: 0.4669 


>>> CORR 1
Test set: Average loss: 0.0001, Accuracy: 10942/16281 (67.21%)


Test set: Average fairness score:
Overall recall: 0.7876, 
Recall by Group: {0: 0.8979118329466357, 1: 0.6528925619834711, 2: 0.8947368421052632, 3: 0.4675324675324675, 4: 0.3515151515151515, 5: 0.5121951219512195, 6: 0.43859649122807015, 7: 0.9300518134715026, 8: 0.7258687258687259, 9: 0.9024081115335868, 10: 0.875, 11: 0.795959595959596, 12: 0.7442396313364056, 13: 0.6129032258064516, 14: 0.859375, 15: 0.8014428031604259}, 
Equalized Odds: 0.5785, 
Demographic Parity: 0.5503 


